<?xml version="1.0" encoding="UTF-8"?>
<!-- Generated by org.testng.reporters.JUnitXMLReporter -->
<testsuite ignored="0" hostname="LAPTOP-RDLCABT7" failures="1" tests="3" name="Default test" time="38.686" errors="0" timestamp="2024-12-11T11:58:01 IST">
  <testcase classname="io.cucumber.testng.AbstractTestNGCucumberTests" name="runScenario" time="5.295"/>
  <testcase classname="io.cucumber.testng.AbstractTestNGCucumberTests" name="runScenario" time="14.282"/>
  <testcase classname="io.cucumber.testng.AbstractTestNGCucumberTests" name="runScenario" time="18.376">
    <failure type="java.lang.AssertionError" message="Page Title is not correct expected [true] but found [false]">
      <![CDATA[java.lang.AssertionError: Page Title is not correct expected [true] but found [false]
at org.testng.Assert.fail(Assert.java:111)
at org.testng.Assert.failNotEquals(Assert.java:1578)
at org.testng.Assert.assertTrue(Assert.java:57)
at com.test.stepdefs.GoogleLoginStepDefs.verify_the_searched_paged_with_title(GoogleLoginStepDefs.java:58)
at âœ½.Verify the searched paged with title "Automation Testing"(file:///C:/Users/Sudha%20Arya/git/repository2/AmreshBBDFrameWork/ZOwnBBDFrameWork/src/test/resources/features/google.feature:11)
]]>
    </failure>
  </testcase> <!-- runScenario -->
</testsuite> <!-- Default test -->
