<?xml version="1.0" encoding="UTF-8"?>
<!-- Generated by org.testng.reporters.JUnitReportReporter -->
<testsuite hostname="LAPTOP-RDLCABT7" failures="1" tests="3" name="com.test.runners.TestRunner" time="37.953" errors="0" timestamp="2024-12-11T11:58:01 IST" skipped="0">
  <testcase classname="com.test.runners.TestRunner" name="runScenario" time="14.282"/>
  <testcase classname="com.test.runners.TestRunner" name="runScenario" time="18.376">
    <failure message="Page Title is not correct expected [true] but found [false]" type="java.lang.AssertionError">
      <![CDATA[java.lang.AssertionError: Page Title is not correct expected [true] but found [false]
at org.testng.Assert.fail(Assert.java:111)
at org.testng.Assert.failNotEquals(Assert.java:1578)
at org.testng.Assert.assertTrue(Assert.java:57)
at com.test.stepdefs.GoogleLoginStepDefs.verify_the_searched_paged_with_title(GoogleLoginStepDefs.java:58)
at âœ½.Verify the searched paged with title "Automation Testing"(file:///C:/Users/Sudha%20Arya/git/repository2/AmreshBBDFrameWork/ZOwnBBDFrameWork/src/test/resources/features/google.feature:11)
]]>
    </failure>
  </testcase> <!-- runScenario -->
  <testcase classname="com.test.runners.TestRunner" name="runScenario" time="5.295"/>
</testsuite> <!-- com.test.runners.TestRunner -->
